The system is: Linux - 5.15.8-200.fc35.x86_64 - x86_64
Compiling the C compiler identification source file "CMakeCCompilerId.c" succeeded.
Compiler: /usr/bin/clang-13 
Build flags: 
Id flags:  

The output was:
0


Compilation of the C compiler identification source "CMakeCCompilerId.c" produced "a.out"

The C compiler identification is Clang, found in "/home/szripr/Projects/blocky/build/CMakeFiles/3.22.1/CompilerIdC/a.out"

Compiling the CXX compiler identification source file "CMakeCXXCompilerId.cpp" succeeded.
Compiler: /usr/bin/clang++-13 
Build flags: 
Id flags:  

The output was:
0


Compilation of the CXX compiler identification source "CMakeCXXCompilerId.cpp" produced "a.out"

The CXX compiler identification is Clang, found in "/home/szripr/Projects/blocky/build/CMakeFiles/3.22.1/CompilerIdCXX/a.out"

Detecting C compiler ABI info compiled with the following output:
Change Dir: /home/szripr/Projects/blocky/build/CMakeFiles/CMakeTmp

Run Build Command(s):/usr/bin/gmake -f Makefile cmTC_88040/fast && /usr/bin/gmake  -f CMakeFiles/cmTC_88040.dir/build.make CMakeFiles/cmTC_88040.dir/build
gmake[1]: Entering directory '/home/szripr/Projects/blocky/build/CMakeFiles/CMakeTmp'
Building C object CMakeFiles/cmTC_88040.dir/CMakeCCompilerABI.c.o
/usr/bin/clang-13   -v -MD -MT CMakeFiles/cmTC_88040.dir/CMakeCCompilerABI.c.o -MF CMakeFiles/cmTC_88040.dir/CMakeCCompilerABI.c.o.d -o CMakeFiles/cmTC_88040.dir/CMakeCCompilerABI.c.o -c /usr/share/cmake/Modules/CMakeCCompilerABI.c
clang version 13.0.0 (Fedora 13.0.0-3.fc35)
Target: x86_64-redhat-linux-gnu
Thread model: posix
InstalledDir: /usr/bin
Found candidate GCC installation: /usr/bin/../lib/gcc/x86_64-redhat-linux/11
Selected GCC installation: /usr/bin/../lib/gcc/x86_64-redhat-linux/11
Candidate multilib: .;@m64
Candidate multilib: 32;@m32
Selected multilib: .;@m64
 (in-process)
 "/usr/bin/clang-13" -cc1 -triple x86_64-redhat-linux-gnu -emit-obj -mrelax-all --mrelax-relocations -disable-free -disable-llvm-verifier -discard-value-names -main-file-name CMakeCCompilerABI.c -mrelocation-model static -mframe-pointer=all -fmath-errno -fno-rounding-math -mconstructor-aliases -munwind-tables -target-cpu x86-64 -tune-cpu generic -debugger-tuning=gdb -v -fcoverage-compilation-dir=/home/szripr/Projects/blocky/build/CMakeFiles/CMakeTmp -resource-dir /usr/lib64/clang/13.0.0 -dependency-file CMakeFiles/cmTC_88040.dir/CMakeCCompilerABI.c.o.d -MT CMakeFiles/cmTC_88040.dir/CMakeCCompilerABI.c.o -sys-header-deps -internal-isystem /usr/lib64/clang/13.0.0/include -internal-isystem /usr/local/include -internal-isystem /usr/bin/../lib/gcc/x86_64-redhat-linux/11/../../../../x86_64-redhat-linux/include -internal-externc-isystem /include -internal-externc-isystem /usr/include -fdebug-compilation-dir=/home/szripr/Projects/blocky/build/CMakeFiles/CMakeTmp -ferror-limit 19 -fgnuc-version=4.2.1 -faddrsig -D__GCC_HAVE_DWARF2_CFI_ASM=1 -o CMakeFiles/cmTC_88040.dir/CMakeCCompilerABI.c.o -x c /usr/share/cmake/Modules/CMakeCCompilerABI.c
clang -cc1 version 13.0.0 based upon LLVM 13.0.0 default target x86_64-redhat-linux-gnu
ignoring nonexistent directory "/usr/bin/../lib/gcc/x86_64-redhat-linux/11/../../../../x86_64-redhat-linux/include"
ignoring nonexistent directory "/include"
#include "..." search starts here:
#include <...> search starts here:
 /usr/lib64/clang/13.0.0/include
 /usr/local/include
 /usr/include
End of search list.
Linking C executable cmTC_88040
/usr/bin/cmake -E cmake_link_script CMakeFiles/cmTC_88040.dir/link.txt --verbose=1
/usr/bin/clang-13  -v CMakeFiles/cmTC_88040.dir/CMakeCCompilerABI.c.o -o cmTC_88040 
clang version 13.0.0 (Fedora 13.0.0-3.fc35)
Target: x86_64-redhat-linux-gnu
Thread model: posix
InstalledDir: /usr/bin
Found candidate GCC installation: /usr/bin/../lib/gcc/x86_64-redhat-linux/11
Selected GCC installation: /usr/bin/../lib/gcc/x86_64-redhat-linux/11
Candidate multilib: .;@m64
Candidate multilib: 32;@m32
Selected multilib: .;@m64
 "/usr/bin/ld" --hash-style=gnu --build-id --eh-frame-hdr -m elf_x86_64 -dynamic-linker /lib64/ld-linux-x86-64.so.2 -o cmTC_88040 /usr/bin/../lib/gcc/x86_64-redhat-linux/11/../../../../lib64/crt1.o /usr/bin/../lib/gcc/x86_64-redhat-linux/11/../../../../lib64/crti.o /usr/bin/../lib/gcc/x86_64-redhat-linux/11/crtbegin.o -L/usr/bin/../lib/gcc/x86_64-redhat-linux/11 -L/usr/bin/../lib/gcc/x86_64-redhat-linux/11/../../../../lib64 -L/lib/../lib64 -L/usr/lib/../lib64 -L/usr/bin/../lib -L/lib -L/usr/lib CMakeFiles/cmTC_88040.dir/CMakeCCompilerABI.c.o -lgcc --as-needed -lgcc_s --no-as-needed -lc -lgcc --as-needed -lgcc_s --no-as-needed /usr/bin/../lib/gcc/x86_64-redhat-linux/11/crtend.o /usr/bin/../lib/gcc/x86_64-redhat-linux/11/../../../../lib64/crtn.o
gmake[1]: Leaving directory '/home/szripr/Projects/blocky/build/CMakeFiles/CMakeTmp'



Parsed C implicit include dir info from above output: rv=done
  found start of include info
  found start of implicit include info
    add: [/usr/lib64/clang/13.0.0/include]
    add: [/usr/local/include]
    add: [/usr/include]
  end of search list found
  collapse include dir [/usr/lib64/clang/13.0.0/include] ==> [/usr/lib64/clang/13.0.0/include]
  collapse include dir [/usr/local/include] ==> [/usr/local/include]
  collapse include dir [/usr/include] ==> [/usr/include]
  implicit include dirs: [/usr/lib64/clang/13.0.0/include;/usr/local/include;/usr/include]


Parsed C implicit link information from above output:
  link line regex: [^( *|.*[/\])(ld|CMAKE_LINK_STARTFILE-NOTFOUND|([^/\]+-)?ld|collect2)[^/\]*( |$)]
  ignore line: [Change Dir: /home/szripr/Projects/blocky/build/CMakeFiles/CMakeTmp]
  ignore line: []
  ignore line: [Run Build Command(s):/usr/bin/gmake -f Makefile cmTC_88040/fast && /usr/bin/gmake  -f CMakeFiles/cmTC_88040.dir/build.make CMakeFiles/cmTC_88040.dir/build]
  ignore line: [gmake[1]: Entering directory '/home/szripr/Projects/blocky/build/CMakeFiles/CMakeTmp']
  ignore line: [Building C object CMakeFiles/cmTC_88040.dir/CMakeCCompilerABI.c.o]
  ignore line: [/usr/bin/clang-13   -v -MD -MT CMakeFiles/cmTC_88040.dir/CMakeCCompilerABI.c.o -MF CMakeFiles/cmTC_88040.dir/CMakeCCompilerABI.c.o.d -o CMakeFiles/cmTC_88040.dir/CMakeCCompilerABI.c.o -c /usr/share/cmake/Modules/CMakeCCompilerABI.c]
  ignore line: [clang version 13.0.0 (Fedora 13.0.0-3.fc35)]
  ignore line: [Target: x86_64-redhat-linux-gnu]
  ignore line: [Thread model: posix]
  ignore line: [InstalledDir: /usr/bin]
  ignore line: [Found candidate GCC installation: /usr/bin/../lib/gcc/x86_64-redhat-linux/11]
  ignore line: [Selected GCC installation: /usr/bin/../lib/gcc/x86_64-redhat-linux/11]
  ignore line: [Candidate multilib: .]
  ignore line: [@m64]
  ignore line: [Candidate multilib: 32]
  ignore line: [@m32]
  ignore line: [Selected multilib: .]
  ignore line: [@m64]
  ignore line: [ (in-process)]
  ignore line: [ "/usr/bin/clang-13" -cc1 -triple x86_64-redhat-linux-gnu -emit-obj -mrelax-all --mrelax-relocations -disable-free -disable-llvm-verifier -discard-value-names -main-file-name CMakeCCompilerABI.c -mrelocation-model static -mframe-pointer=all -fmath-errno -fno-rounding-math -mconstructor-aliases -munwind-tables -target-cpu x86-64 -tune-cpu generic -debugger-tuning=gdb -v -fcoverage-compilation-dir=/home/szripr/Projects/blocky/build/CMakeFiles/CMakeTmp -resource-dir /usr/lib64/clang/13.0.0 -dependency-file CMakeFiles/cmTC_88040.dir/CMakeCCompilerABI.c.o.d -MT CMakeFiles/cmTC_88040.dir/CMakeCCompilerABI.c.o -sys-header-deps -internal-isystem /usr/lib64/clang/13.0.0/include -internal-isystem /usr/local/include -internal-isystem /usr/bin/../lib/gcc/x86_64-redhat-linux/11/../../../../x86_64-redhat-linux/include -internal-externc-isystem /include -internal-externc-isystem /usr/include -fdebug-compilation-dir=/home/szripr/Projects/blocky/build/CMakeFiles/CMakeTmp -ferror-limit 19 -fgnuc-version=4.2.1 -faddrsig -D__GCC_HAVE_DWARF2_CFI_ASM=1 -o CMakeFiles/cmTC_88040.dir/CMakeCCompilerABI.c.o -x c /usr/share/cmake/Modules/CMakeCCompilerABI.c]
  ignore line: [clang -cc1 version 13.0.0 based upon LLVM 13.0.0 default target x86_64-redhat-linux-gnu]
  ignore line: [ignoring nonexistent directory "/usr/bin/../lib/gcc/x86_64-redhat-linux/11/../../../../x86_64-redhat-linux/include"]
  ignore line: [ignoring nonexistent directory "/include"]
  ignore line: [#include "..." search starts here:]
  ignore line: [#include <...> search starts here:]
  ignore line: [ /usr/lib64/clang/13.0.0/include]
  ignore line: [ /usr/local/include]
  ignore line: [ /usr/include]
  ignore line: [End of search list.]
  ignore line: [Linking C executable cmTC_88040]
  ignore line: [/usr/bin/cmake -E cmake_link_script CMakeFiles/cmTC_88040.dir/link.txt --verbose=1]
  ignore line: [/usr/bin/clang-13  -v CMakeFiles/cmTC_88040.dir/CMakeCCompilerABI.c.o -o cmTC_88040 ]
  ignore line: [clang version 13.0.0 (Fedora 13.0.0-3.fc35)]
  ignore line: [Target: x86_64-redhat-linux-gnu]
  ignore line: [Thread model: posix]
  ignore line: [InstalledDir: /usr/bin]
  ignore line: [Found candidate GCC installation: /usr/bin/../lib/gcc/x86_64-redhat-linux/11]
  ignore line: [Selected GCC installation: /usr/bin/../lib/gcc/x86_64-redhat-linux/11]
  ignore line: [Candidate multilib: .]
  ignore line: [@m64]
  ignore line: [Candidate multilib: 32]
  ignore line: [@m32]
  ignore line: [Selected multilib: .]
  ignore line: [@m64]
  link line: [ "/usr/bin/ld" --hash-style=gnu --build-id --eh-frame-hdr -m elf_x86_64 -dynamic-linker /lib64/ld-linux-x86-64.so.2 -o cmTC_88040 /usr/bin/../lib/gcc/x86_64-redhat-linux/11/../../../../lib64/crt1.o /usr/bin/../lib/gcc/x86_64-redhat-linux/11/../../../../lib64/crti.o /usr/bin/../lib/gcc/x86_64-redhat-linux/11/crtbegin.o -L/usr/bin/../lib/gcc/x86_64-redhat-linux/11 -L/usr/bin/../lib/gcc/x86_64-redhat-linux/11/../../../../lib64 -L/lib/../lib64 -L/usr/lib/../lib64 -L/usr/bin/../lib -L/lib -L/usr/lib CMakeFiles/cmTC_88040.dir/CMakeCCompilerABI.c.o -lgcc --as-needed -lgcc_s --no-as-needed -lc -lgcc --as-needed -lgcc_s --no-as-needed /usr/bin/../lib/gcc/x86_64-redhat-linux/11/crtend.o /usr/bin/../lib/gcc/x86_64-redhat-linux/11/../../../../lib64/crtn.o]
    arg [/usr/bin/ld] ==> ignore
    arg [--hash-style=gnu] ==> ignore
    arg [--build-id] ==> ignore
    arg [--eh-frame-hdr] ==> ignore
    arg [-m] ==> ignore
    arg [elf_x86_64] ==> ignore
    arg [-dynamic-linker] ==> ignore
    arg [/lib64/ld-linux-x86-64.so.2] ==> ignore
    arg [-o] ==> ignore
    arg [cmTC_88040] ==> ignore
    arg [/usr/bin/../lib/gcc/x86_64-redhat-linux/11/../../../../lib64/crt1.o] ==> obj [/usr/bin/../lib/gcc/x86_64-redhat-linux/11/../../../../lib64/crt1.o]
    arg [/usr/bin/../lib/gcc/x86_64-redhat-linux/11/../../../../lib64/crti.o] ==> obj [/usr/bin/../lib/gcc/x86_64-redhat-linux/11/../../../../lib64/crti.o]
    arg [/usr/bin/../lib/gcc/x86_64-redhat-linux/11/crtbegin.o] ==> obj [/usr/bin/../lib/gcc/x86_64-redhat-linux/11/crtbegin.o]
    arg [-L/usr/bin/../lib/gcc/x86_64-redhat-linux/11] ==> dir [/usr/bin/../lib/gcc/x86_64-redhat-linux/11]
    arg [-L/usr/bin/../lib/gcc/x86_64-redhat-linux/11/../../../../lib64] ==> dir [/usr/bin/../lib/gcc/x86_64-redhat-linux/11/../../../../lib64]
    arg [-L/lib/../lib64] ==> dir [/lib/../lib64]
    arg [-L/usr/lib/../lib64] ==> dir [/usr/lib/../lib64]
    arg [-L/usr/bin/../lib] ==> dir [/usr/bin/../lib]
    arg [-L/lib] ==> dir [/lib]
    arg [-L/usr/lib] ==> dir [/usr/lib]
    arg [CMakeFiles/cmTC_88040.dir/CMakeCCompilerABI.c.o] ==> ignore
    arg [-lgcc] ==> lib [gcc]
    arg [--as-needed] ==> ignore
    arg [-lgcc_s] ==> lib [gcc_s]
    arg [--no-as-needed] ==> ignore
    arg [-lc] ==> lib [c]
    arg [-lgcc] ==> lib [gcc]
    arg [--as-needed] ==> ignore
    arg [-lgcc_s] ==> lib [gcc_s]
    arg [--no-as-needed] ==> ignore
    arg [/usr/bin/../lib/gcc/x86_64-redhat-linux/11/crtend.o] ==> obj [/usr/bin/../lib/gcc/x86_64-redhat-linux/11/crtend.o]
    arg [/usr/bin/../lib/gcc/x86_64-redhat-linux/11/../../../../lib64/crtn.o] ==> obj [/usr/bin/../lib/gcc/x86_64-redhat-linux/11/../../../../lib64/crtn.o]
  collapse obj [/usr/bin/../lib/gcc/x86_64-redhat-linux/11/../../../../lib64/crt1.o] ==> [/usr/lib64/crt1.o]
  collapse obj [/usr/bin/../lib/gcc/x86_64-redhat-linux/11/../../../../lib64/crti.o] ==> [/usr/lib64/crti.o]
  collapse obj [/usr/bin/../lib/gcc/x86_64-redhat-linux/11/crtbegin.o] ==> [/usr/lib/gcc/x86_64-redhat-linux/11/crtbegin.o]
  collapse obj [/usr/bin/../lib/gcc/x86_64-redhat-linux/11/crtend.o] ==> [/usr/lib/gcc/x86_64-redhat-linux/11/crtend.o]
  collapse obj [/usr/bin/../lib/gcc/x86_64-redhat-linux/11/../../../../lib64/crtn.o] ==> [/usr/lib64/crtn.o]
  collapse library dir [/usr/bin/../lib/gcc/x86_64-redhat-linux/11] ==> [/usr/lib/gcc/x86_64-redhat-linux/11]
  collapse library dir [/usr/bin/../lib/gcc/x86_64-redhat-linux/11/../../../../lib64] ==> [/usr/lib64]
  collapse library dir [/lib/../lib64] ==> [/lib64]
  collapse library dir [/usr/lib/../lib64] ==> [/usr/lib64]
  collapse library dir [/usr/bin/../lib] ==> [/usr/lib]
  collapse library dir [/lib] ==> [/lib]
  collapse library dir [/usr/lib] ==> [/usr/lib]
  implicit libs: [gcc;gcc_s;c;gcc;gcc_s]
  implicit objs: [/usr/lib64/crt1.o;/usr/lib64/crti.o;/usr/lib/gcc/x86_64-redhat-linux/11/crtbegin.o;/usr/lib/gcc/x86_64-redhat-linux/11/crtend.o;/usr/lib64/crtn.o]
  implicit dirs: [/usr/lib/gcc/x86_64-redhat-linux/11;/usr/lib64;/lib64;/usr/lib;/lib]
  implicit fwks: []


Detecting CXX compiler ABI info compiled with the following output:
Change Dir: /home/szripr/Projects/blocky/build/CMakeFiles/CMakeTmp

Run Build Command(s):/usr/bin/gmake -f Makefile cmTC_caf26/fast && /usr/bin/gmake  -f CMakeFiles/cmTC_caf26.dir/build.make CMakeFiles/cmTC_caf26.dir/build
gmake[1]: Entering directory '/home/szripr/Projects/blocky/build/CMakeFiles/CMakeTmp'
Building CXX object CMakeFiles/cmTC_caf26.dir/CMakeCXXCompilerABI.cpp.o
/usr/bin/clang++-13   -v -MD -MT CMakeFiles/cmTC_caf26.dir/CMakeCXXCompilerABI.cpp.o -MF CMakeFiles/cmTC_caf26.dir/CMakeCXXCompilerABI.cpp.o.d -o CMakeFiles/cmTC_caf26.dir/CMakeCXXCompilerABI.cpp.o -c /usr/share/cmake/Modules/CMakeCXXCompilerABI.cpp
clang version 13.0.0 (Fedora 13.0.0-3.fc35)
Target: x86_64-redhat-linux-gnu
Thread model: posix
InstalledDir: /usr/bin
Found candidate GCC installation: /usr/bin/../lib/gcc/x86_64-redhat-linux/11
Selected GCC installation: /usr/bin/../lib/gcc/x86_64-redhat-linux/11
Candidate multilib: .;@m64
Candidate multilib: 32;@m32
Selected multilib: .;@m64
 (in-process)
 "/usr/bin/clang-13" -cc1 -triple x86_64-redhat-linux-gnu -emit-obj -mrelax-all --mrelax-relocations -disable-free -disable-llvm-verifier -discard-value-names -main-file-name CMakeCXXCompilerABI.cpp -mrelocation-model static -mframe-pointer=all -fmath-errno -fno-rounding-math -mconstructor-aliases -munwind-tables -target-cpu x86-64 -tune-cpu generic -debugger-tuning=gdb -v -fcoverage-compilation-dir=/home/szripr/Projects/blocky/build/CMakeFiles/CMakeTmp -resource-dir /usr/lib64/clang/13.0.0 -dependency-file CMakeFiles/cmTC_caf26.dir/CMakeCXXCompilerABI.cpp.o.d -MT CMakeFiles/cmTC_caf26.dir/CMakeCXXCompilerABI.cpp.o -sys-header-deps -internal-isystem /usr/bin/../lib/gcc/x86_64-redhat-linux/11/../../../../include/c++/11 -internal-isystem /usr/bin/../lib/gcc/x86_64-redhat-linux/11/../../../../include/c++/11/x86_64-redhat-linux -internal-isystem /usr/bin/../lib/gcc/x86_64-redhat-linux/11/../../../../include/c++/11/backward -internal-isystem /usr/lib64/clang/13.0.0/include -internal-isystem /usr/local/include -internal-isystem /usr/bin/../lib/gcc/x86_64-redhat-linux/11/../../../../x86_64-redhat-linux/include -internal-externc-isystem /include -internal-externc-isystem /usr/include -fdeprecated-macro -fdebug-compilation-dir=/home/szripr/Projects/blocky/build/CMakeFiles/CMakeTmp -ferror-limit 19 -fgnuc-version=4.2.1 -fcxx-exceptions -fexceptions -faddrsig -D__GCC_HAVE_DWARF2_CFI_ASM=1 -o CMakeFiles/cmTC_caf26.dir/CMakeCXXCompilerABI.cpp.o -x c++ /usr/share/cmake/Modules/CMakeCXXCompilerABI.cpp
clang -cc1 version 13.0.0 based upon LLVM 13.0.0 default target x86_64-redhat-linux-gnu
ignoring nonexistent directory "/usr/bin/../lib/gcc/x86_64-redhat-linux/11/../../../../x86_64-redhat-linux/include"
ignoring nonexistent directory "/include"
#include "..." search starts here:
#include <...> search starts here:
 /usr/bin/../lib/gcc/x86_64-redhat-linux/11/../../../../include/c++/11
 /usr/bin/../lib/gcc/x86_64-redhat-linux/11/../../../../include/c++/11/x86_64-redhat-linux
 /usr/bin/../lib/gcc/x86_64-redhat-linux/11/../../../../include/c++/11/backward
 /usr/lib64/clang/13.0.0/include
 /usr/local/include
 /usr/include
End of search list.
Linking CXX executable cmTC_caf26
/usr/bin/cmake -E cmake_link_script CMakeFiles/cmTC_caf26.dir/link.txt --verbose=1
/usr/bin/clang++-13  -v CMakeFiles/cmTC_caf26.dir/CMakeCXXCompilerABI.cpp.o -o cmTC_caf26 
clang version 13.0.0 (Fedora 13.0.0-3.fc35)
Target: x86_64-redhat-linux-gnu
Thread model: posix
InstalledDir: /usr/bin
Found candidate GCC installation: /usr/bin/../lib/gcc/x86_64-redhat-linux/11
Selected GCC installation: /usr/bin/../lib/gcc/x86_64-redhat-linux/11
Candidate multilib: .;@m64
Candidate multilib: 32;@m32
Selected multilib: .;@m64
 "/usr/bin/ld" --hash-style=gnu --build-id --eh-frame-hdr -m elf_x86_64 -dynamic-linker /lib64/ld-linux-x86-64.so.2 -o cmTC_caf26 /usr/bin/../lib/gcc/x86_64-redhat-linux/11/../../../../lib64/crt1.o /usr/bin/../lib/gcc/x86_64-redhat-linux/11/../../../../lib64/crti.o /usr/bin/../lib/gcc/x86_64-redhat-linux/11/crtbegin.o -L/usr/bin/../lib/gcc/x86_64-redhat-linux/11 -L/usr/bin/../lib/gcc/x86_64-redhat-linux/11/../../../../lib64 -L/lib/../lib64 -L/usr/lib/../lib64 -L/usr/bin/../lib -L/lib -L/usr/lib CMakeFiles/cmTC_caf26.dir/CMakeCXXCompilerABI.cpp.o -lstdc++ -lm -lgcc_s -lgcc -lc -lgcc_s -lgcc /usr/bin/../lib/gcc/x86_64-redhat-linux/11/crtend.o /usr/bin/../lib/gcc/x86_64-redhat-linux/11/../../../../lib64/crtn.o
gmake[1]: Leaving directory '/home/szripr/Projects/blocky/build/CMakeFiles/CMakeTmp'



Parsed CXX implicit include dir info from above output: rv=done
  found start of include info
  found start of implicit include info
    add: [/usr/bin/../lib/gcc/x86_64-redhat-linux/11/../../../../include/c++/11]
    add: [/usr/bin/../lib/gcc/x86_64-redhat-linux/11/../../../../include/c++/11/x86_64-redhat-linux]
    add: [/usr/bin/../lib/gcc/x86_64-redhat-linux/11/../../../../include/c++/11/backward]
    add: [/usr/lib64/clang/13.0.0/include]
    add: [/usr/local/include]
    add: [/usr/include]
  end of search list found
  collapse include dir [/usr/bin/../lib/gcc/x86_64-redhat-linux/11/../../../../include/c++/11] ==> [/usr/include/c++/11]
  collapse include dir [/usr/bin/../lib/gcc/x86_64-redhat-linux/11/../../../../include/c++/11/x86_64-redhat-linux] ==> [/usr/include/c++/11/x86_64-redhat-linux]
  collapse include dir [/usr/bin/../lib/gcc/x86_64-redhat-linux/11/../../../../include/c++/11/backward] ==> [/usr/include/c++/11/backward]
  collapse include dir [/usr/lib64/clang/13.0.0/include] ==> [/usr/lib64/clang/13.0.0/include]
  collapse include dir [/usr/local/include] ==> [/usr/local/include]
  collapse include dir [/usr/include] ==> [/usr/include]
  implicit include dirs: [/usr/include/c++/11;/usr/include/c++/11/x86_64-redhat-linux;/usr/include/c++/11/backward;/usr/lib64/clang/13.0.0/include;/usr/local/include;/usr/include]


Parsed CXX implicit link information from above output:
  link line regex: [^( *|.*[/\])(ld|CMAKE_LINK_STARTFILE-NOTFOUND|([^/\]+-)?ld|collect2)[^/\]*( |$)]
  ignore line: [Change Dir: /home/szripr/Projects/blocky/build/CMakeFiles/CMakeTmp]
  ignore line: []
  ignore line: [Run Build Command(s):/usr/bin/gmake -f Makefile cmTC_caf26/fast && /usr/bin/gmake  -f CMakeFiles/cmTC_caf26.dir/build.make CMakeFiles/cmTC_caf26.dir/build]
  ignore line: [gmake[1]: Entering directory '/home/szripr/Projects/blocky/build/CMakeFiles/CMakeTmp']
  ignore line: [Building CXX object CMakeFiles/cmTC_caf26.dir/CMakeCXXCompilerABI.cpp.o]
  ignore line: [/usr/bin/clang++-13   -v -MD -MT CMakeFiles/cmTC_caf26.dir/CMakeCXXCompilerABI.cpp.o -MF CMakeFiles/cmTC_caf26.dir/CMakeCXXCompilerABI.cpp.o.d -o CMakeFiles/cmTC_caf26.dir/CMakeCXXCompilerABI.cpp.o -c /usr/share/cmake/Modules/CMakeCXXCompilerABI.cpp]
  ignore line: [clang version 13.0.0 (Fedora 13.0.0-3.fc35)]
  ignore line: [Target: x86_64-redhat-linux-gnu]
  ignore line: [Thread model: posix]
  ignore line: [InstalledDir: /usr/bin]
  ignore line: [Found candidate GCC installation: /usr/bin/../lib/gcc/x86_64-redhat-linux/11]
  ignore line: [Selected GCC installation: /usr/bin/../lib/gcc/x86_64-redhat-linux/11]
  ignore line: [Candidate multilib: .]
  ignore line: [@m64]
  ignore line: [Candidate multilib: 32]
  ignore line: [@m32]
  ignore line: [Selected multilib: .]
  ignore line: [@m64]
  ignore line: [ (in-process)]
  ignore line: [ "/usr/bin/clang-13" -cc1 -triple x86_64-redhat-linux-gnu -emit-obj -mrelax-all --mrelax-relocations -disable-free -disable-llvm-verifier -discard-value-names -main-file-name CMakeCXXCompilerABI.cpp -mrelocation-model static -mframe-pointer=all -fmath-errno -fno-rounding-math -mconstructor-aliases -munwind-tables -target-cpu x86-64 -tune-cpu generic -debugger-tuning=gdb -v -fcoverage-compilation-dir=/home/szripr/Projects/blocky/build/CMakeFiles/CMakeTmp -resource-dir /usr/lib64/clang/13.0.0 -dependency-file CMakeFiles/cmTC_caf26.dir/CMakeCXXCompilerABI.cpp.o.d -MT CMakeFiles/cmTC_caf26.dir/CMakeCXXCompilerABI.cpp.o -sys-header-deps -internal-isystem /usr/bin/../lib/gcc/x86_64-redhat-linux/11/../../../../include/c++/11 -internal-isystem /usr/bin/../lib/gcc/x86_64-redhat-linux/11/../../../../include/c++/11/x86_64-redhat-linux -internal-isystem /usr/bin/../lib/gcc/x86_64-redhat-linux/11/../../../../include/c++/11/backward -internal-isystem /usr/lib64/clang/13.0.0/include -internal-isystem /usr/local/include -internal-isystem /usr/bin/../lib/gcc/x86_64-redhat-linux/11/../../../../x86_64-redhat-linux/include -internal-externc-isystem /include -internal-externc-isystem /usr/include -fdeprecated-macro -fdebug-compilation-dir=/home/szripr/Projects/blocky/build/CMakeFiles/CMakeTmp -ferror-limit 19 -fgnuc-version=4.2.1 -fcxx-exceptions -fexceptions -faddrsig -D__GCC_HAVE_DWARF2_CFI_ASM=1 -o CMakeFiles/cmTC_caf26.dir/CMakeCXXCompilerABI.cpp.o -x c++ /usr/share/cmake/Modules/CMakeCXXCompilerABI.cpp]
  ignore line: [clang -cc1 version 13.0.0 based upon LLVM 13.0.0 default target x86_64-redhat-linux-gnu]
  ignore line: [ignoring nonexistent directory "/usr/bin/../lib/gcc/x86_64-redhat-linux/11/../../../../x86_64-redhat-linux/include"]
  ignore line: [ignoring nonexistent directory "/include"]
  ignore line: [#include "..." search starts here:]
  ignore line: [#include <...> search starts here:]
  ignore line: [ /usr/bin/../lib/gcc/x86_64-redhat-linux/11/../../../../include/c++/11]
  ignore line: [ /usr/bin/../lib/gcc/x86_64-redhat-linux/11/../../../../include/c++/11/x86_64-redhat-linux]
  ignore line: [ /usr/bin/../lib/gcc/x86_64-redhat-linux/11/../../../../include/c++/11/backward]
  ignore line: [ /usr/lib64/clang/13.0.0/include]
  ignore line: [ /usr/local/include]
  ignore line: [ /usr/include]
  ignore line: [End of search list.]
  ignore line: [Linking CXX executable cmTC_caf26]
  ignore line: [/usr/bin/cmake -E cmake_link_script CMakeFiles/cmTC_caf26.dir/link.txt --verbose=1]
  ignore line: [/usr/bin/clang++-13  -v CMakeFiles/cmTC_caf26.dir/CMakeCXXCompilerABI.cpp.o -o cmTC_caf26 ]
  ignore line: [clang version 13.0.0 (Fedora 13.0.0-3.fc35)]
  ignore line: [Target: x86_64-redhat-linux-gnu]
  ignore line: [Thread model: posix]
  ignore line: [InstalledDir: /usr/bin]
  ignore line: [Found candidate GCC installation: /usr/bin/../lib/gcc/x86_64-redhat-linux/11]
  ignore line: [Selected GCC installation: /usr/bin/../lib/gcc/x86_64-redhat-linux/11]
  ignore line: [Candidate multilib: .]
  ignore line: [@m64]
  ignore line: [Candidate multilib: 32]
  ignore line: [@m32]
  ignore line: [Selected multilib: .]
  ignore line: [@m64]
  link line: [ "/usr/bin/ld" --hash-style=gnu --build-id --eh-frame-hdr -m elf_x86_64 -dynamic-linker /lib64/ld-linux-x86-64.so.2 -o cmTC_caf26 /usr/bin/../lib/gcc/x86_64-redhat-linux/11/../../../../lib64/crt1.o /usr/bin/../lib/gcc/x86_64-redhat-linux/11/../../../../lib64/crti.o /usr/bin/../lib/gcc/x86_64-redhat-linux/11/crtbegin.o -L/usr/bin/../lib/gcc/x86_64-redhat-linux/11 -L/usr/bin/../lib/gcc/x86_64-redhat-linux/11/../../../../lib64 -L/lib/../lib64 -L/usr/lib/../lib64 -L/usr/bin/../lib -L/lib -L/usr/lib CMakeFiles/cmTC_caf26.dir/CMakeCXXCompilerABI.cpp.o -lstdc++ -lm -lgcc_s -lgcc -lc -lgcc_s -lgcc /usr/bin/../lib/gcc/x86_64-redhat-linux/11/crtend.o /usr/bin/../lib/gcc/x86_64-redhat-linux/11/../../../../lib64/crtn.o]
    arg [/usr/bin/ld] ==> ignore
    arg [--hash-style=gnu] ==> ignore
    arg [--build-id] ==> ignore
    arg [--eh-frame-hdr] ==> ignore
    arg [-m] ==> ignore
    arg [elf_x86_64] ==> ignore
    arg [-dynamic-linker] ==> ignore
    arg [/lib64/ld-linux-x86-64.so.2] ==> ignore
    arg [-o] ==> ignore
    arg [cmTC_caf26] ==> ignore
    arg [/usr/bin/../lib/gcc/x86_64-redhat-linux/11/../../../../lib64/crt1.o] ==> obj [/usr/bin/../lib/gcc/x86_64-redhat-linux/11/../../../../lib64/crt1.o]
    arg [/usr/bin/../lib/gcc/x86_64-redhat-linux/11/../../../../lib64/crti.o] ==> obj [/usr/bin/../lib/gcc/x86_64-redhat-linux/11/../../../../lib64/crti.o]
    arg [/usr/bin/../lib/gcc/x86_64-redhat-linux/11/crtbegin.o] ==> obj [/usr/bin/../lib/gcc/x86_64-redhat-linux/11/crtbegin.o]
    arg [-L/usr/bin/../lib/gcc/x86_64-redhat-linux/11] ==> dir [/usr/bin/../lib/gcc/x86_64-redhat-linux/11]
    arg [-L/usr/bin/../lib/gcc/x86_64-redhat-linux/11/../../../../lib64] ==> dir [/usr/bin/../lib/gcc/x86_64-redhat-linux/11/../../../../lib64]
    arg [-L/lib/../lib64] ==> dir [/lib/../lib64]
    arg [-L/usr/lib/../lib64] ==> dir [/usr/lib/../lib64]
    arg [-L/usr/bin/../lib] ==> dir [/usr/bin/../lib]
    arg [-L/lib] ==> dir [/lib]
    arg [-L/usr/lib] ==> dir [/usr/lib]
    arg [CMakeFiles/cmTC_caf26.dir/CMakeCXXCompilerABI.cpp.o] ==> ignore
    arg [-lstdc++] ==> lib [stdc++]
    arg [-lm] ==> lib [m]
    arg [-lgcc_s] ==> lib [gcc_s]
    arg [-lgcc] ==> lib [gcc]
    arg [-lc] ==> lib [c]
    arg [-lgcc_s] ==> lib [gcc_s]
    arg [-lgcc] ==> lib [gcc]
    arg [/usr/bin/../lib/gcc/x86_64-redhat-linux/11/crtend.o] ==> obj [/usr/bin/../lib/gcc/x86_64-redhat-linux/11/crtend.o]
    arg [/usr/bin/../lib/gcc/x86_64-redhat-linux/11/../../../../lib64/crtn.o] ==> obj [/usr/bin/../lib/gcc/x86_64-redhat-linux/11/../../../../lib64/crtn.o]
  collapse obj [/usr/bin/../lib/gcc/x86_64-redhat-linux/11/../../../../lib64/crt1.o] ==> [/usr/lib64/crt1.o]
  collapse obj [/usr/bin/../lib/gcc/x86_64-redhat-linux/11/../../../../lib64/crti.o] ==> [/usr/lib64/crti.o]
  collapse obj [/usr/bin/../lib/gcc/x86_64-redhat-linux/11/crtbegin.o] ==> [/usr/lib/gcc/x86_64-redhat-linux/11/crtbegin.o]
  collapse obj [/usr/bin/../lib/gcc/x86_64-redhat-linux/11/crtend.o] ==> [/usr/lib/gcc/x86_64-redhat-linux/11/crtend.o]
  collapse obj [/usr/bin/../lib/gcc/x86_64-redhat-linux/11/../../../../lib64/crtn.o] ==> [/usr/lib64/crtn.o]
  collapse library dir [/usr/bin/../lib/gcc/x86_64-redhat-linux/11] ==> [/usr/lib/gcc/x86_64-redhat-linux/11]
  collapse library dir [/usr/bin/../lib/gcc/x86_64-redhat-linux/11/../../../../lib64] ==> [/usr/lib64]
  collapse library dir [/lib/../lib64] ==> [/lib64]
  collapse library dir [/usr/lib/../lib64] ==> [/usr/lib64]
  collapse library dir [/usr/bin/../lib] ==> [/usr/lib]
  collapse library dir [/lib] ==> [/lib]
  collapse library dir [/usr/lib] ==> [/usr/lib]
  implicit libs: [stdc++;m;gcc_s;gcc;c;gcc_s;gcc]
  implicit objs: [/usr/lib64/crt1.o;/usr/lib64/crti.o;/usr/lib/gcc/x86_64-redhat-linux/11/crtbegin.o;/usr/lib/gcc/x86_64-redhat-linux/11/crtend.o;/usr/lib64/crtn.o]
  implicit dirs: [/usr/lib/gcc/x86_64-redhat-linux/11;/usr/lib64;/lib64;/usr/lib;/lib]
  implicit fwks: []


Determining if the include file pthread.h exists passed with the following output:
Change Dir: /home/szripr/Projects/blocky/build/CMakeFiles/CMakeTmp

Run Build Command(s):/usr/bin/gmake -f Makefile cmTC_c0d46/fast && /usr/bin/gmake  -f CMakeFiles/cmTC_c0d46.dir/build.make CMakeFiles/cmTC_c0d46.dir/build
gmake[1]: Entering directory '/home/szripr/Projects/blocky/build/CMakeFiles/CMakeTmp'
Building C object CMakeFiles/cmTC_c0d46.dir/CheckIncludeFile.c.o
/usr/bin/clang-13    -MD -MT CMakeFiles/cmTC_c0d46.dir/CheckIncludeFile.c.o -MF CMakeFiles/cmTC_c0d46.dir/CheckIncludeFile.c.o.d -o CMakeFiles/cmTC_c0d46.dir/CheckIncludeFile.c.o -c /home/szripr/Projects/blocky/build/CMakeFiles/CMakeTmp/CheckIncludeFile.c
Linking C executable cmTC_c0d46
/usr/bin/cmake -E cmake_link_script CMakeFiles/cmTC_c0d46.dir/link.txt --verbose=1
/usr/bin/clang-13 CMakeFiles/cmTC_c0d46.dir/CheckIncludeFile.c.o -o cmTC_c0d46 
gmake[1]: Leaving directory '/home/szripr/Projects/blocky/build/CMakeFiles/CMakeTmp'



Performing C SOURCE FILE Test CMAKE_HAVE_LIBC_PTHREAD succeeded with the following output:
Change Dir: /home/szripr/Projects/blocky/build/CMakeFiles/CMakeTmp

Run Build Command(s):/usr/bin/gmake -f Makefile cmTC_2dcea/fast && /usr/bin/gmake  -f CMakeFiles/cmTC_2dcea.dir/build.make CMakeFiles/cmTC_2dcea.dir/build
gmake[1]: Entering directory '/home/szripr/Projects/blocky/build/CMakeFiles/CMakeTmp'
Building C object CMakeFiles/cmTC_2dcea.dir/src.c.o
/usr/bin/clang-13 -DCMAKE_HAVE_LIBC_PTHREAD   -MD -MT CMakeFiles/cmTC_2dcea.dir/src.c.o -MF CMakeFiles/cmTC_2dcea.dir/src.c.o.d -o CMakeFiles/cmTC_2dcea.dir/src.c.o -c /home/szripr/Projects/blocky/build/CMakeFiles/CMakeTmp/src.c
Linking C executable cmTC_2dcea
/usr/bin/cmake -E cmake_link_script CMakeFiles/cmTC_2dcea.dir/link.txt --verbose=1
/usr/bin/clang-13 CMakeFiles/cmTC_2dcea.dir/src.c.o -o cmTC_2dcea 
gmake[1]: Leaving directory '/home/szripr/Projects/blocky/build/CMakeFiles/CMakeTmp'


Source file was:
#include <pthread.h>

static void* test_func(void* data)
{
  return data;
}

int main(void)
{
  pthread_t thread;
  pthread_create(&thread, NULL, test_func, NULL);
  pthread_detach(thread);
  pthread_cancel(thread);
  pthread_join(thread, NULL);
  pthread_atfork(NULL, NULL, NULL);
  pthread_exit(NULL);

  return 0;
}

Determining if the function XOpenDisplay exists in the /usr/lib64/libX11.so;/usr/lib64/libXext.so passed with the following output:
Change Dir: /home/szripr/Projects/blocky/build/CMakeFiles/CMakeTmp

Run Build Command(s):/usr/bin/gmake -f Makefile cmTC_f917d/fast && /usr/bin/gmake  -f CMakeFiles/cmTC_f917d.dir/build.make CMakeFiles/cmTC_f917d.dir/build
gmake[1]: Entering directory '/home/szripr/Projects/blocky/build/CMakeFiles/CMakeTmp'
Building C object CMakeFiles/cmTC_f917d.dir/CheckFunctionExists.c.o
/usr/bin/clang-13   -DCHECK_FUNCTION_EXISTS=XOpenDisplay -MD -MT CMakeFiles/cmTC_f917d.dir/CheckFunctionExists.c.o -MF CMakeFiles/cmTC_f917d.dir/CheckFunctionExists.c.o.d -o CMakeFiles/cmTC_f917d.dir/CheckFunctionExists.c.o -c /usr/share/cmake/Modules/CheckFunctionExists.c
Linking C executable cmTC_f917d
/usr/bin/cmake -E cmake_link_script CMakeFiles/cmTC_f917d.dir/link.txt --verbose=1
/usr/bin/clang-13  -DCHECK_FUNCTION_EXISTS=XOpenDisplay CMakeFiles/cmTC_f917d.dir/CheckFunctionExists.c.o -o cmTC_f917d  /usr/lib64/libX11.so /usr/lib64/libXext.so 
gmake[1]: Leaving directory '/home/szripr/Projects/blocky/build/CMakeFiles/CMakeTmp'



Determining if the function gethostbyname exists passed with the following output:
Change Dir: /home/szripr/Projects/blocky/build/CMakeFiles/CMakeTmp

Run Build Command(s):/usr/bin/gmake -f Makefile cmTC_a50d3/fast && /usr/bin/gmake  -f CMakeFiles/cmTC_a50d3.dir/build.make CMakeFiles/cmTC_a50d3.dir/build
gmake[1]: Entering directory '/home/szripr/Projects/blocky/build/CMakeFiles/CMakeTmp'
Building C object CMakeFiles/cmTC_a50d3.dir/CheckFunctionExists.c.o
/usr/bin/clang-13   -DCHECK_FUNCTION_EXISTS=gethostbyname -MD -MT CMakeFiles/cmTC_a50d3.dir/CheckFunctionExists.c.o -MF CMakeFiles/cmTC_a50d3.dir/CheckFunctionExists.c.o.d -o CMakeFiles/cmTC_a50d3.dir/CheckFunctionExists.c.o -c /usr/share/cmake/Modules/CheckFunctionExists.c
Linking C executable cmTC_a50d3
/usr/bin/cmake -E cmake_link_script CMakeFiles/cmTC_a50d3.dir/link.txt --verbose=1
/usr/bin/clang-13  -DCHECK_FUNCTION_EXISTS=gethostbyname CMakeFiles/cmTC_a50d3.dir/CheckFunctionExists.c.o -o cmTC_a50d3 
gmake[1]: Leaving directory '/home/szripr/Projects/blocky/build/CMakeFiles/CMakeTmp'



Determining if the function connect exists passed with the following output:
Change Dir: /home/szripr/Projects/blocky/build/CMakeFiles/CMakeTmp

Run Build Command(s):/usr/bin/gmake -f Makefile cmTC_e8903/fast && /usr/bin/gmake  -f CMakeFiles/cmTC_e8903.dir/build.make CMakeFiles/cmTC_e8903.dir/build
gmake[1]: Entering directory '/home/szripr/Projects/blocky/build/CMakeFiles/CMakeTmp'
Building C object CMakeFiles/cmTC_e8903.dir/CheckFunctionExists.c.o
/usr/bin/clang-13   -DCHECK_FUNCTION_EXISTS=connect -MD -MT CMakeFiles/cmTC_e8903.dir/CheckFunctionExists.c.o -MF CMakeFiles/cmTC_e8903.dir/CheckFunctionExists.c.o.d -o CMakeFiles/cmTC_e8903.dir/CheckFunctionExists.c.o -c /usr/share/cmake/Modules/CheckFunctionExists.c
Linking C executable cmTC_e8903
/usr/bin/cmake -E cmake_link_script CMakeFiles/cmTC_e8903.dir/link.txt --verbose=1
/usr/bin/clang-13  -DCHECK_FUNCTION_EXISTS=connect CMakeFiles/cmTC_e8903.dir/CheckFunctionExists.c.o -o cmTC_e8903 
gmake[1]: Leaving directory '/home/szripr/Projects/blocky/build/CMakeFiles/CMakeTmp'



Determining if the function remove exists passed with the following output:
Change Dir: /home/szripr/Projects/blocky/build/CMakeFiles/CMakeTmp

Run Build Command(s):/usr/bin/gmake -f Makefile cmTC_49be1/fast && /usr/bin/gmake  -f CMakeFiles/cmTC_49be1.dir/build.make CMakeFiles/cmTC_49be1.dir/build
gmake[1]: Entering directory '/home/szripr/Projects/blocky/build/CMakeFiles/CMakeTmp'
Building C object CMakeFiles/cmTC_49be1.dir/CheckFunctionExists.c.o
/usr/bin/clang-13   -DCHECK_FUNCTION_EXISTS=remove -MD -MT CMakeFiles/cmTC_49be1.dir/CheckFunctionExists.c.o -MF CMakeFiles/cmTC_49be1.dir/CheckFunctionExists.c.o.d -o CMakeFiles/cmTC_49be1.dir/CheckFunctionExists.c.o -c /usr/share/cmake/Modules/CheckFunctionExists.c
Linking C executable cmTC_49be1
/usr/bin/cmake -E cmake_link_script CMakeFiles/cmTC_49be1.dir/link.txt --verbose=1
/usr/bin/clang-13  -DCHECK_FUNCTION_EXISTS=remove CMakeFiles/cmTC_49be1.dir/CheckFunctionExists.c.o -o cmTC_49be1 
gmake[1]: Leaving directory '/home/szripr/Projects/blocky/build/CMakeFiles/CMakeTmp'



Determining if the function shmat exists passed with the following output:
Change Dir: /home/szripr/Projects/blocky/build/CMakeFiles/CMakeTmp

Run Build Command(s):/usr/bin/gmake -f Makefile cmTC_564d8/fast && /usr/bin/gmake  -f CMakeFiles/cmTC_564d8.dir/build.make CMakeFiles/cmTC_564d8.dir/build
gmake[1]: Entering directory '/home/szripr/Projects/blocky/build/CMakeFiles/CMakeTmp'
Building C object CMakeFiles/cmTC_564d8.dir/CheckFunctionExists.c.o
/usr/bin/clang-13   -DCHECK_FUNCTION_EXISTS=shmat -MD -MT CMakeFiles/cmTC_564d8.dir/CheckFunctionExists.c.o -MF CMakeFiles/cmTC_564d8.dir/CheckFunctionExists.c.o.d -o CMakeFiles/cmTC_564d8.dir/CheckFunctionExists.c.o -c /usr/share/cmake/Modules/CheckFunctionExists.c
Linking C executable cmTC_564d8
/usr/bin/cmake -E cmake_link_script CMakeFiles/cmTC_564d8.dir/link.txt --verbose=1
/usr/bin/clang-13  -DCHECK_FUNCTION_EXISTS=shmat CMakeFiles/cmTC_564d8.dir/CheckFunctionExists.c.o -o cmTC_564d8 
gmake[1]: Leaving directory '/home/szripr/Projects/blocky/build/CMakeFiles/CMakeTmp'



The system is: Linux - 5.15.18-200.fc35.x86_64 - x86_64
Compiling the C compiler identification source file "CMakeCCompilerId.c" succeeded.
Compiler: /usr/bin/clang-13 
Build flags: 
Id flags:  

The output was:
0


Compilation of the C compiler identification source "CMakeCCompilerId.c" produced "a.out"

The C compiler identification is Clang, found in "/home/szripr/Projects/blocky/build/CMakeFiles/3.22.2/CompilerIdC/a.out"

Compiling the CXX compiler identification source file "CMakeCXXCompilerId.cpp" succeeded.
Compiler: /usr/bin/clang++-13 
Build flags: 
Id flags:  

The output was:
0


Compilation of the CXX compiler identification source "CMakeCXXCompilerId.cpp" produced "a.out"

The CXX compiler identification is Clang, found in "/home/szripr/Projects/blocky/build/CMakeFiles/3.22.2/CompilerIdCXX/a.out"

Detecting C compiler ABI info compiled with the following output:
Change Dir: /home/szripr/Projects/blocky/build/CMakeFiles/CMakeTmp

Run Build Command(s):/usr/bin/gmake -f Makefile cmTC_5362b/fast && /usr/bin/gmake  -f CMakeFiles/cmTC_5362b.dir/build.make CMakeFiles/cmTC_5362b.dir/build
gmake[1]: Entering directory '/home/szripr/Projects/blocky/build/CMakeFiles/CMakeTmp'
Building C object CMakeFiles/cmTC_5362b.dir/CMakeCCompilerABI.c.o
/usr/bin/clang-13   -v -MD -MT CMakeFiles/cmTC_5362b.dir/CMakeCCompilerABI.c.o -MF CMakeFiles/cmTC_5362b.dir/CMakeCCompilerABI.c.o.d -o CMakeFiles/cmTC_5362b.dir/CMakeCCompilerABI.c.o -c /usr/share/cmake/Modules/CMakeCCompilerABI.c
clang version 13.0.0 (Fedora 13.0.0-3.fc35)
Target: x86_64-redhat-linux-gnu
Thread model: posix
InstalledDir: /usr/bin
Found candidate GCC installation: /usr/bin/../lib/gcc/x86_64-redhat-linux/11
Selected GCC installation: /usr/bin/../lib/gcc/x86_64-redhat-linux/11
Candidate multilib: .;@m64
Candidate multilib: 32;@m32
Selected multilib: .;@m64
 (in-process)
 "/usr/bin/clang-13" -cc1 -triple x86_64-redhat-linux-gnu -emit-obj -mrelax-all --mrelax-relocations -disable-free -disable-llvm-verifier -discard-value-names -main-file-name CMakeCCompilerABI.c -mrelocation-model static -mframe-pointer=all -fmath-errno -fno-rounding-math -mconstructor-aliases -munwind-tables -target-cpu x86-64 -tune-cpu generic -debugger-tuning=gdb -v -fcoverage-compilation-dir=/home/szripr/Projects/blocky/build/CMakeFiles/CMakeTmp -resource-dir /usr/lib64/clang/13.0.0 -dependency-file CMakeFiles/cmTC_5362b.dir/CMakeCCompilerABI.c.o.d -MT CMakeFiles/cmTC_5362b.dir/CMakeCCompilerABI.c.o -sys-header-deps -internal-isystem /usr/lib64/clang/13.0.0/include -internal-isystem /usr/local/include -internal-isystem /usr/bin/../lib/gcc/x86_64-redhat-linux/11/../../../../x86_64-redhat-linux/include -internal-externc-isystem /include -internal-externc-isystem /usr/include -fdebug-compilation-dir=/home/szripr/Projects/blocky/build/CMakeFiles/CMakeTmp -ferror-limit 19 -fgnuc-version=4.2.1 -faddrsig -D__GCC_HAVE_DWARF2_CFI_ASM=1 -o CMakeFiles/cmTC_5362b.dir/CMakeCCompilerABI.c.o -x c /usr/share/cmake/Modules/CMakeCCompilerABI.c
clang -cc1 version 13.0.0 based upon LLVM 13.0.0 default target x86_64-redhat-linux-gnu
ignoring nonexistent directory "/usr/bin/../lib/gcc/x86_64-redhat-linux/11/../../../../x86_64-redhat-linux/include"
ignoring nonexistent directory "/include"
#include "..." search starts here:
#include <...> search starts here:
 /usr/lib64/clang/13.0.0/include
 /usr/local/include
 /usr/include
End of search list.
Linking C executable cmTC_5362b
/usr/bin/cmake -E cmake_link_script CMakeFiles/cmTC_5362b.dir/link.txt --verbose=1
/usr/bin/clang-13  -v CMakeFiles/cmTC_5362b.dir/CMakeCCompilerABI.c.o -o cmTC_5362b 
clang version 13.0.0 (Fedora 13.0.0-3.fc35)
Target: x86_64-redhat-linux-gnu
Thread model: posix
InstalledDir: /usr/bin
Found candidate GCC installation: /usr/bin/../lib/gcc/x86_64-redhat-linux/11
Selected GCC installation: /usr/bin/../lib/gcc/x86_64-redhat-linux/11
Candidate multilib: .;@m64
Candidate multilib: 32;@m32
Selected multilib: .;@m64
 "/usr/bin/ld" --hash-style=gnu --build-id --eh-frame-hdr -m elf_x86_64 -dynamic-linker /lib64/ld-linux-x86-64.so.2 -o cmTC_5362b /usr/bin/../lib/gcc/x86_64-redhat-linux/11/../../../../lib64/crt1.o /usr/bin/../lib/gcc/x86_64-redhat-linux/11/../../../../lib64/crti.o /usr/bin/../lib/gcc/x86_64-redhat-linux/11/crtbegin.o -L/usr/bin/../lib/gcc/x86_64-redhat-linux/11 -L/usr/bin/../lib/gcc/x86_64-redhat-linux/11/../../../../lib64 -L/lib/../lib64 -L/usr/lib/../lib64 -L/usr/bin/../lib -L/lib -L/usr/lib CMakeFiles/cmTC_5362b.dir/CMakeCCompilerABI.c.o -lgcc --as-needed -lgcc_s --no-as-needed -lc -lgcc --as-needed -lgcc_s --no-as-needed /usr/bin/../lib/gcc/x86_64-redhat-linux/11/crtend.o /usr/bin/../lib/gcc/x86_64-redhat-linux/11/../../../../lib64/crtn.o
gmake[1]: Leaving directory '/home/szripr/Projects/blocky/build/CMakeFiles/CMakeTmp'



Parsed C implicit include dir info from above output: rv=done
  found start of include info
  found start of implicit include info
    add: [/usr/lib64/clang/13.0.0/include]
    add: [/usr/local/include]
    add: [/usr/include]
  end of search list found
  collapse include dir [/usr/lib64/clang/13.0.0/include] ==> [/usr/lib64/clang/13.0.0/include]
  collapse include dir [/usr/local/include] ==> [/usr/local/include]
  collapse include dir [/usr/include] ==> [/usr/include]
  implicit include dirs: [/usr/lib64/clang/13.0.0/include;/usr/local/include;/usr/include]


Parsed C implicit link information from above output:
  link line regex: [^( *|.*[/\])(ld|CMAKE_LINK_STARTFILE-NOTFOUND|([^/\]+-)?ld|collect2)[^/\]*( |$)]
  ignore line: [Change Dir: /home/szripr/Projects/blocky/build/CMakeFiles/CMakeTmp]
  ignore line: []
  ignore line: [Run Build Command(s):/usr/bin/gmake -f Makefile cmTC_5362b/fast && /usr/bin/gmake  -f CMakeFiles/cmTC_5362b.dir/build.make CMakeFiles/cmTC_5362b.dir/build]
  ignore line: [gmake[1]: Entering directory '/home/szripr/Projects/blocky/build/CMakeFiles/CMakeTmp']
  ignore line: [Building C object CMakeFiles/cmTC_5362b.dir/CMakeCCompilerABI.c.o]
  ignore line: [/usr/bin/clang-13   -v -MD -MT CMakeFiles/cmTC_5362b.dir/CMakeCCompilerABI.c.o -MF CMakeFiles/cmTC_5362b.dir/CMakeCCompilerABI.c.o.d -o CMakeFiles/cmTC_5362b.dir/CMakeCCompilerABI.c.o -c /usr/share/cmake/Modules/CMakeCCompilerABI.c]
  ignore line: [clang version 13.0.0 (Fedora 13.0.0-3.fc35)]
  ignore line: [Target: x86_64-redhat-linux-gnu]
  ignore line: [Thread model: posix]
  ignore line: [InstalledDir: /usr/bin]
  ignore line: [Found candidate GCC installation: /usr/bin/../lib/gcc/x86_64-redhat-linux/11]
  ignore line: [Selected GCC installation: /usr/bin/../lib/gcc/x86_64-redhat-linux/11]
  ignore line: [Candidate multilib: .]
  ignore line: [@m64]
  ignore line: [Candidate multilib: 32]
  ignore line: [@m32]
  ignore line: [Selected multilib: .]
  ignore line: [@m64]
  ignore line: [ (in-process)]
  ignore line: [ "/usr/bin/clang-13" -cc1 -triple x86_64-redhat-linux-gnu -emit-obj -mrelax-all --mrelax-relocations -disable-free -disable-llvm-verifier -discard-value-names -main-file-name CMakeCCompilerABI.c -mrelocation-model static -mframe-pointer=all -fmath-errno -fno-rounding-math -mconstructor-aliases -munwind-tables -target-cpu x86-64 -tune-cpu generic -debugger-tuning=gdb -v -fcoverage-compilation-dir=/home/szripr/Projects/blocky/build/CMakeFiles/CMakeTmp -resource-dir /usr/lib64/clang/13.0.0 -dependency-file CMakeFiles/cmTC_5362b.dir/CMakeCCompilerABI.c.o.d -MT CMakeFiles/cmTC_5362b.dir/CMakeCCompilerABI.c.o -sys-header-deps -internal-isystem /usr/lib64/clang/13.0.0/include -internal-isystem /usr/local/include -internal-isystem /usr/bin/../lib/gcc/x86_64-redhat-linux/11/../../../../x86_64-redhat-linux/include -internal-externc-isystem /include -internal-externc-isystem /usr/include -fdebug-compilation-dir=/home/szripr/Projects/blocky/build/CMakeFiles/CMakeTmp -ferror-limit 19 -fgnuc-version=4.2.1 -faddrsig -D__GCC_HAVE_DWARF2_CFI_ASM=1 -o CMakeFiles/cmTC_5362b.dir/CMakeCCompilerABI.c.o -x c /usr/share/cmake/Modules/CMakeCCompilerABI.c]
  ignore line: [clang -cc1 version 13.0.0 based upon LLVM 13.0.0 default target x86_64-redhat-linux-gnu]
  ignore line: [ignoring nonexistent directory "/usr/bin/../lib/gcc/x86_64-redhat-linux/11/../../../../x86_64-redhat-linux/include"]
  ignore line: [ignoring nonexistent directory "/include"]
  ignore line: [#include "..." search starts here:]
  ignore line: [#include <...> search starts here:]
  ignore line: [ /usr/lib64/clang/13.0.0/include]
  ignore line: [ /usr/local/include]
  ignore line: [ /usr/include]
  ignore line: [End of search list.]
  ignore line: [Linking C executable cmTC_5362b]
  ignore line: [/usr/bin/cmake -E cmake_link_script CMakeFiles/cmTC_5362b.dir/link.txt --verbose=1]
  ignore line: [/usr/bin/clang-13  -v CMakeFiles/cmTC_5362b.dir/CMakeCCompilerABI.c.o -o cmTC_5362b ]
  ignore line: [clang version 13.0.0 (Fedora 13.0.0-3.fc35)]
  ignore line: [Target: x86_64-redhat-linux-gnu]
  ignore line: [Thread model: posix]
  ignore line: [InstalledDir: /usr/bin]
  ignore line: [Found candidate GCC installation: /usr/bin/../lib/gcc/x86_64-redhat-linux/11]
  ignore line: [Selected GCC installation: /usr/bin/../lib/gcc/x86_64-redhat-linux/11]
  ignore line: [Candidate multilib: .]
  ignore line: [@m64]
  ignore line: [Candidate multilib: 32]
  ignore line: [@m32]
  ignore line: [Selected multilib: .]
  ignore line: [@m64]
  link line: [ "/usr/bin/ld" --hash-style=gnu --build-id --eh-frame-hdr -m elf_x86_64 -dynamic-linker /lib64/ld-linux-x86-64.so.2 -o cmTC_5362b /usr/bin/../lib/gcc/x86_64-redhat-linux/11/../../../../lib64/crt1.o /usr/bin/../lib/gcc/x86_64-redhat-linux/11/../../../../lib64/crti.o /usr/bin/../lib/gcc/x86_64-redhat-linux/11/crtbegin.o -L/usr/bin/../lib/gcc/x86_64-redhat-linux/11 -L/usr/bin/../lib/gcc/x86_64-redhat-linux/11/../../../../lib64 -L/lib/../lib64 -L/usr/lib/../lib64 -L/usr/bin/../lib -L/lib -L/usr/lib CMakeFiles/cmTC_5362b.dir/CMakeCCompilerABI.c.o -lgcc --as-needed -lgcc_s --no-as-needed -lc -lgcc --as-needed -lgcc_s --no-as-needed /usr/bin/../lib/gcc/x86_64-redhat-linux/11/crtend.o /usr/bin/../lib/gcc/x86_64-redhat-linux/11/../../../../lib64/crtn.o]
    arg [/usr/bin/ld] ==> ignore
    arg [--hash-style=gnu] ==> ignore
    arg [--build-id] ==> ignore
    arg [--eh-frame-hdr] ==> ignore
    arg [-m] ==> ignore
    arg [elf_x86_64] ==> ignore
    arg [-dynamic-linker] ==> ignore
    arg [/lib64/ld-linux-x86-64.so.2] ==> ignore
    arg [-o] ==> ignore
    arg [cmTC_5362b] ==> ignore
    arg [/usr/bin/../lib/gcc/x86_64-redhat-linux/11/../../../../lib64/crt1.o] ==> obj [/usr/bin/../lib/gcc/x86_64-redhat-linux/11/../../../../lib64/crt1.o]
    arg [/usr/bin/../lib/gcc/x86_64-redhat-linux/11/../../../../lib64/crti.o] ==> obj [/usr/bin/../lib/gcc/x86_64-redhat-linux/11/../../../../lib64/crti.o]
    arg [/usr/bin/../lib/gcc/x86_64-redhat-linux/11/crtbegin.o] ==> obj [/usr/bin/../lib/gcc/x86_64-redhat-linux/11/crtbegin.o]
    arg [-L/usr/bin/../lib/gcc/x86_64-redhat-linux/11] ==> dir [/usr/bin/../lib/gcc/x86_64-redhat-linux/11]
    arg [-L/usr/bin/../lib/gcc/x86_64-redhat-linux/11/../../../../lib64] ==> dir [/usr/bin/../lib/gcc/x86_64-redhat-linux/11/../../../../lib64]
    arg [-L/lib/../lib64] ==> dir [/lib/../lib64]
    arg [-L/usr/lib/../lib64] ==> dir [/usr/lib/../lib64]
    arg [-L/usr/bin/../lib] ==> dir [/usr/bin/../lib]
    arg [-L/lib] ==> dir [/lib]
    arg [-L/usr/lib] ==> dir [/usr/lib]
    arg [CMakeFiles/cmTC_5362b.dir/CMakeCCompilerABI.c.o] ==> ignore
    arg [-lgcc] ==> lib [gcc]
    arg [--as-needed] ==> ignore
    arg [-lgcc_s] ==> lib [gcc_s]
    arg [--no-as-needed] ==> ignore
    arg [-lc] ==> lib [c]
    arg [-lgcc] ==> lib [gcc]
    arg [--as-needed] ==> ignore
    arg [-lgcc_s] ==> lib [gcc_s]
    arg [--no-as-needed] ==> ignore
    arg [/usr/bin/../lib/gcc/x86_64-redhat-linux/11/crtend.o] ==> obj [/usr/bin/../lib/gcc/x86_64-redhat-linux/11/crtend.o]
    arg [/usr/bin/../lib/gcc/x86_64-redhat-linux/11/../../../../lib64/crtn.o] ==> obj [/usr/bin/../lib/gcc/x86_64-redhat-linux/11/../../../../lib64/crtn.o]
  collapse obj [/usr/bin/../lib/gcc/x86_64-redhat-linux/11/../../../../lib64/crt1.o] ==> [/usr/lib64/crt1.o]
  collapse obj [/usr/bin/../lib/gcc/x86_64-redhat-linux/11/../../../../lib64/crti.o] ==> [/usr/lib64/crti.o]
  collapse obj [/usr/bin/../lib/gcc/x86_64-redhat-linux/11/crtbegin.o] ==> [/usr/lib/gcc/x86_64-redhat-linux/11/crtbegin.o]
  collapse obj [/usr/bin/../lib/gcc/x86_64-redhat-linux/11/crtend.o] ==> [/usr/lib/gcc/x86_64-redhat-linux/11/crtend.o]
  collapse obj [/usr/bin/../lib/gcc/x86_64-redhat-linux/11/../../../../lib64/crtn.o] ==> [/usr/lib64/crtn.o]
  collapse library dir [/usr/bin/../lib/gcc/x86_64-redhat-linux/11] ==> [/usr/lib/gcc/x86_64-redhat-linux/11]
  collapse library dir [/usr/bin/../lib/gcc/x86_64-redhat-linux/11/../../../../lib64] ==> [/usr/lib64]
  collapse library dir [/lib/../lib64] ==> [/lib64]
  collapse library dir [/usr/lib/../lib64] ==> [/usr/lib64]
  collapse library dir [/usr/bin/../lib] ==> [/usr/lib]
  collapse library dir [/lib] ==> [/lib]
  collapse library dir [/usr/lib] ==> [/usr/lib]
  implicit libs: [gcc;gcc_s;c;gcc;gcc_s]
  implicit objs: [/usr/lib64/crt1.o;/usr/lib64/crti.o;/usr/lib/gcc/x86_64-redhat-linux/11/crtbegin.o;/usr/lib/gcc/x86_64-redhat-linux/11/crtend.o;/usr/lib64/crtn.o]
  implicit dirs: [/usr/lib/gcc/x86_64-redhat-linux/11;/usr/lib64;/lib64;/usr/lib;/lib]
  implicit fwks: []


Detecting CXX compiler ABI info compiled with the following output:
Change Dir: /home/szripr/Projects/blocky/build/CMakeFiles/CMakeTmp

Run Build Command(s):/usr/bin/gmake -f Makefile cmTC_991c7/fast && /usr/bin/gmake  -f CMakeFiles/cmTC_991c7.dir/build.make CMakeFiles/cmTC_991c7.dir/build
gmake[1]: Entering directory '/home/szripr/Projects/blocky/build/CMakeFiles/CMakeTmp'
Building CXX object CMakeFiles/cmTC_991c7.dir/CMakeCXXCompilerABI.cpp.o
/usr/bin/clang++-13   -v -MD -MT CMakeFiles/cmTC_991c7.dir/CMakeCXXCompilerABI.cpp.o -MF CMakeFiles/cmTC_991c7.dir/CMakeCXXCompilerABI.cpp.o.d -o CMakeFiles/cmTC_991c7.dir/CMakeCXXCompilerABI.cpp.o -c /usr/share/cmake/Modules/CMakeCXXCompilerABI.cpp
clang version 13.0.0 (Fedora 13.0.0-3.fc35)
Target: x86_64-redhat-linux-gnu
Thread model: posix
InstalledDir: /usr/bin
Found candidate GCC installation: /usr/bin/../lib/gcc/x86_64-redhat-linux/11
Selected GCC installation: /usr/bin/../lib/gcc/x86_64-redhat-linux/11
Candidate multilib: .;@m64
Candidate multilib: 32;@m32
Selected multilib: .;@m64
 (in-process)
 "/usr/bin/clang-13" -cc1 -triple x86_64-redhat-linux-gnu -emit-obj -mrelax-all --mrelax-relocations -disable-free -disable-llvm-verifier -discard-value-names -main-file-name CMakeCXXCompilerABI.cpp -mrelocation-model static -mframe-pointer=all -fmath-errno -fno-rounding-math -mconstructor-aliases -munwind-tables -target-cpu x86-64 -tune-cpu generic -debugger-tuning=gdb -v -fcoverage-compilation-dir=/home/szripr/Projects/blocky/build/CMakeFiles/CMakeTmp -resource-dir /usr/lib64/clang/13.0.0 -dependency-file CMakeFiles/cmTC_991c7.dir/CMakeCXXCompilerABI.cpp.o.d -MT CMakeFiles/cmTC_991c7.dir/CMakeCXXCompilerABI.cpp.o -sys-header-deps -internal-isystem /usr/bin/../lib/gcc/x86_64-redhat-linux/11/../../../../include/c++/11 -internal-isystem /usr/bin/../lib/gcc/x86_64-redhat-linux/11/../../../../include/c++/11/x86_64-redhat-linux -internal-isystem /usr/bin/../lib/gcc/x86_64-redhat-linux/11/../../../../include/c++/11/backward -internal-isystem /usr/lib64/clang/13.0.0/include -internal-isystem /usr/local/include -internal-isystem /usr/bin/../lib/gcc/x86_64-redhat-linux/11/../../../../x86_64-redhat-linux/include -internal-externc-isystem /include -internal-externc-isystem /usr/include -fdeprecated-macro -fdebug-compilation-dir=/home/szripr/Projects/blocky/build/CMakeFiles/CMakeTmp -ferror-limit 19 -fgnuc-version=4.2.1 -fcxx-exceptions -fexceptions -faddrsig -D__GCC_HAVE_DWARF2_CFI_ASM=1 -o CMakeFiles/cmTC_991c7.dir/CMakeCXXCompilerABI.cpp.o -x c++ /usr/share/cmake/Modules/CMakeCXXCompilerABI.cpp
clang -cc1 version 13.0.0 based upon LLVM 13.0.0 default target x86_64-redhat-linux-gnu
ignoring nonexistent directory "/usr/bin/../lib/gcc/x86_64-redhat-linux/11/../../../../x86_64-redhat-linux/include"
ignoring nonexistent directory "/include"
#include "..." search starts here:
#include <...> search starts here:
 /usr/bin/../lib/gcc/x86_64-redhat-linux/11/../../../../include/c++/11
 /usr/bin/../lib/gcc/x86_64-redhat-linux/11/../../../../include/c++/11/x86_64-redhat-linux
 /usr/bin/../lib/gcc/x86_64-redhat-linux/11/../../../../include/c++/11/backward
 /usr/lib64/clang/13.0.0/include
 /usr/local/include
 /usr/include
End of search list.
Linking CXX executable cmTC_991c7
/usr/bin/cmake -E cmake_link_script CMakeFiles/cmTC_991c7.dir/link.txt --verbose=1
/usr/bin/clang++-13  -v CMakeFiles/cmTC_991c7.dir/CMakeCXXCompilerABI.cpp.o -o cmTC_991c7 
clang version 13.0.0 (Fedora 13.0.0-3.fc35)
Target: x86_64-redhat-linux-gnu
Thread model: posix
InstalledDir: /usr/bin
Found candidate GCC installation: /usr/bin/../lib/gcc/x86_64-redhat-linux/11
Selected GCC installation: /usr/bin/../lib/gcc/x86_64-redhat-linux/11
Candidate multilib: .;@m64
Candidate multilib: 32;@m32
Selected multilib: .;@m64
 "/usr/bin/ld" --hash-style=gnu --build-id --eh-frame-hdr -m elf_x86_64 -dynamic-linker /lib64/ld-linux-x86-64.so.2 -o cmTC_991c7 /usr/bin/../lib/gcc/x86_64-redhat-linux/11/../../../../lib64/crt1.o /usr/bin/../lib/gcc/x86_64-redhat-linux/11/../../../../lib64/crti.o /usr/bin/../lib/gcc/x86_64-redhat-linux/11/crtbegin.o -L/usr/bin/../lib/gcc/x86_64-redhat-linux/11 -L/usr/bin/../lib/gcc/x86_64-redhat-linux/11/../../../../lib64 -L/lib/../lib64 -L/usr/lib/../lib64 -L/usr/bin/../lib -L/lib -L/usr/lib CMakeFiles/cmTC_991c7.dir/CMakeCXXCompilerABI.cpp.o -lstdc++ -lm -lgcc_s -lgcc -lc -lgcc_s -lgcc /usr/bin/../lib/gcc/x86_64-redhat-linux/11/crtend.o /usr/bin/../lib/gcc/x86_64-redhat-linux/11/../../../../lib64/crtn.o
gmake[1]: Leaving directory '/home/szripr/Projects/blocky/build/CMakeFiles/CMakeTmp'



Parsed CXX implicit include dir info from above output: rv=done
  found start of include info
  found start of implicit include info
    add: [/usr/bin/../lib/gcc/x86_64-redhat-linux/11/../../../../include/c++/11]
    add: [/usr/bin/../lib/gcc/x86_64-redhat-linux/11/../../../../include/c++/11/x86_64-redhat-linux]
    add: [/usr/bin/../lib/gcc/x86_64-redhat-linux/11/../../../../include/c++/11/backward]
    add: [/usr/lib64/clang/13.0.0/include]
    add: [/usr/local/include]
    add: [/usr/include]
  end of search list found
  collapse include dir [/usr/bin/../lib/gcc/x86_64-redhat-linux/11/../../../../include/c++/11] ==> [/usr/include/c++/11]
  collapse include dir [/usr/bin/../lib/gcc/x86_64-redhat-linux/11/../../../../include/c++/11/x86_64-redhat-linux] ==> [/usr/include/c++/11/x86_64-redhat-linux]
  collapse include dir [/usr/bin/../lib/gcc/x86_64-redhat-linux/11/../../../../include/c++/11/backward] ==> [/usr/include/c++/11/backward]
  collapse include dir [/usr/lib64/clang/13.0.0/include] ==> [/usr/lib64/clang/13.0.0/include]
  collapse include dir [/usr/local/include] ==> [/usr/local/include]
  collapse include dir [/usr/include] ==> [/usr/include]
  implicit include dirs: [/usr/include/c++/11;/usr/include/c++/11/x86_64-redhat-linux;/usr/include/c++/11/backward;/usr/lib64/clang/13.0.0/include;/usr/local/include;/usr/include]


Parsed CXX implicit link information from above output:
  link line regex: [^( *|.*[/\])(ld|CMAKE_LINK_STARTFILE-NOTFOUND|([^/\]+-)?ld|collect2)[^/\]*( |$)]
  ignore line: [Change Dir: /home/szripr/Projects/blocky/build/CMakeFiles/CMakeTmp]
  ignore line: []
  ignore line: [Run Build Command(s):/usr/bin/gmake -f Makefile cmTC_991c7/fast && /usr/bin/gmake  -f CMakeFiles/cmTC_991c7.dir/build.make CMakeFiles/cmTC_991c7.dir/build]
  ignore line: [gmake[1]: Entering directory '/home/szripr/Projects/blocky/build/CMakeFiles/CMakeTmp']
  ignore line: [Building CXX object CMakeFiles/cmTC_991c7.dir/CMakeCXXCompilerABI.cpp.o]
  ignore line: [/usr/bin/clang++-13   -v -MD -MT CMakeFiles/cmTC_991c7.dir/CMakeCXXCompilerABI.cpp.o -MF CMakeFiles/cmTC_991c7.dir/CMakeCXXCompilerABI.cpp.o.d -o CMakeFiles/cmTC_991c7.dir/CMakeCXXCompilerABI.cpp.o -c /usr/share/cmake/Modules/CMakeCXXCompilerABI.cpp]
  ignore line: [clang version 13.0.0 (Fedora 13.0.0-3.fc35)]
  ignore line: [Target: x86_64-redhat-linux-gnu]
  ignore line: [Thread model: posix]
  ignore line: [InstalledDir: /usr/bin]
  ignore line: [Found candidate GCC installation: /usr/bin/../lib/gcc/x86_64-redhat-linux/11]
  ignore line: [Selected GCC installation: /usr/bin/../lib/gcc/x86_64-redhat-linux/11]
  ignore line: [Candidate multilib: .]
  ignore line: [@m64]
  ignore line: [Candidate multilib: 32]
  ignore line: [@m32]
  ignore line: [Selected multilib: .]
  ignore line: [@m64]
  ignore line: [ (in-process)]
  ignore line: [ "/usr/bin/clang-13" -cc1 -triple x86_64-redhat-linux-gnu -emit-obj -mrelax-all --mrelax-relocations -disable-free -disable-llvm-verifier -discard-value-names -main-file-name CMakeCXXCompilerABI.cpp -mrelocation-model static -mframe-pointer=all -fmath-errno -fno-rounding-math -mconstructor-aliases -munwind-tables -target-cpu x86-64 -tune-cpu generic -debugger-tuning=gdb -v -fcoverage-compilation-dir=/home/szripr/Projects/blocky/build/CMakeFiles/CMakeTmp -resource-dir /usr/lib64/clang/13.0.0 -dependency-file CMakeFiles/cmTC_991c7.dir/CMakeCXXCompilerABI.cpp.o.d -MT CMakeFiles/cmTC_991c7.dir/CMakeCXXCompilerABI.cpp.o -sys-header-deps -internal-isystem /usr/bin/../lib/gcc/x86_64-redhat-linux/11/../../../../include/c++/11 -internal-isystem /usr/bin/../lib/gcc/x86_64-redhat-linux/11/../../../../include/c++/11/x86_64-redhat-linux -internal-isystem /usr/bin/../lib/gcc/x86_64-redhat-linux/11/../../../../include/c++/11/backward -internal-isystem /usr/lib64/clang/13.0.0/include -internal-isystem /usr/local/include -internal-isystem /usr/bin/../lib/gcc/x86_64-redhat-linux/11/../../../../x86_64-redhat-linux/include -internal-externc-isystem /include -internal-externc-isystem /usr/include -fdeprecated-macro -fdebug-compilation-dir=/home/szripr/Projects/blocky/build/CMakeFiles/CMakeTmp -ferror-limit 19 -fgnuc-version=4.2.1 -fcxx-exceptions -fexceptions -faddrsig -D__GCC_HAVE_DWARF2_CFI_ASM=1 -o CMakeFiles/cmTC_991c7.dir/CMakeCXXCompilerABI.cpp.o -x c++ /usr/share/cmake/Modules/CMakeCXXCompilerABI.cpp]
  ignore line: [clang -cc1 version 13.0.0 based upon LLVM 13.0.0 default target x86_64-redhat-linux-gnu]
  ignore line: [ignoring nonexistent directory "/usr/bin/../lib/gcc/x86_64-redhat-linux/11/../../../../x86_64-redhat-linux/include"]
  ignore line: [ignoring nonexistent directory "/include"]
  ignore line: [#include "..." search starts here:]
  ignore line: [#include <...> search starts here:]
  ignore line: [ /usr/bin/../lib/gcc/x86_64-redhat-linux/11/../../../../include/c++/11]
  ignore line: [ /usr/bin/../lib/gcc/x86_64-redhat-linux/11/../../../../include/c++/11/x86_64-redhat-linux]
  ignore line: [ /usr/bin/../lib/gcc/x86_64-redhat-linux/11/../../../../include/c++/11/backward]
  ignore line: [ /usr/lib64/clang/13.0.0/include]
  ignore line: [ /usr/local/include]
  ignore line: [ /usr/include]
  ignore line: [End of search list.]
  ignore line: [Linking CXX executable cmTC_991c7]
  ignore line: [/usr/bin/cmake -E cmake_link_script CMakeFiles/cmTC_991c7.dir/link.txt --verbose=1]
  ignore line: [/usr/bin/clang++-13  -v CMakeFiles/cmTC_991c7.dir/CMakeCXXCompilerABI.cpp.o -o cmTC_991c7 ]
  ignore line: [clang version 13.0.0 (Fedora 13.0.0-3.fc35)]
  ignore line: [Target: x86_64-redhat-linux-gnu]
  ignore line: [Thread model: posix]
  ignore line: [InstalledDir: /usr/bin]
  ignore line: [Found candidate GCC installation: /usr/bin/../lib/gcc/x86_64-redhat-linux/11]
  ignore line: [Selected GCC installation: /usr/bin/../lib/gcc/x86_64-redhat-linux/11]
  ignore line: [Candidate multilib: .]
  ignore line: [@m64]
  ignore line: [Candidate multilib: 32]
  ignore line: [@m32]
  ignore line: [Selected multilib: .]
  ignore line: [@m64]
  link line: [ "/usr/bin/ld" --hash-style=gnu --build-id --eh-frame-hdr -m elf_x86_64 -dynamic-linker /lib64/ld-linux-x86-64.so.2 -o cmTC_991c7 /usr/bin/../lib/gcc/x86_64-redhat-linux/11/../../../../lib64/crt1.o /usr/bin/../lib/gcc/x86_64-redhat-linux/11/../../../../lib64/crti.o /usr/bin/../lib/gcc/x86_64-redhat-linux/11/crtbegin.o -L/usr/bin/../lib/gcc/x86_64-redhat-linux/11 -L/usr/bin/../lib/gcc/x86_64-redhat-linux/11/../../../../lib64 -L/lib/../lib64 -L/usr/lib/../lib64 -L/usr/bin/../lib -L/lib -L/usr/lib CMakeFiles/cmTC_991c7.dir/CMakeCXXCompilerABI.cpp.o -lstdc++ -lm -lgcc_s -lgcc -lc -lgcc_s -lgcc /usr/bin/../lib/gcc/x86_64-redhat-linux/11/crtend.o /usr/bin/../lib/gcc/x86_64-redhat-linux/11/../../../../lib64/crtn.o]
    arg [/usr/bin/ld] ==> ignore
    arg [--hash-style=gnu] ==> ignore
    arg [--build-id] ==> ignore
    arg [--eh-frame-hdr] ==> ignore
    arg [-m] ==> ignore
    arg [elf_x86_64] ==> ignore
    arg [-dynamic-linker] ==> ignore
    arg [/lib64/ld-linux-x86-64.so.2] ==> ignore
    arg [-o] ==> ignore
    arg [cmTC_991c7] ==> ignore
    arg [/usr/bin/../lib/gcc/x86_64-redhat-linux/11/../../../../lib64/crt1.o] ==> obj [/usr/bin/../lib/gcc/x86_64-redhat-linux/11/../../../../lib64/crt1.o]
    arg [/usr/bin/../lib/gcc/x86_64-redhat-linux/11/../../../../lib64/crti.o] ==> obj [/usr/bin/../lib/gcc/x86_64-redhat-linux/11/../../../../lib64/crti.o]
    arg [/usr/bin/../lib/gcc/x86_64-redhat-linux/11/crtbegin.o] ==> obj [/usr/bin/../lib/gcc/x86_64-redhat-linux/11/crtbegin.o]
    arg [-L/usr/bin/../lib/gcc/x86_64-redhat-linux/11] ==> dir [/usr/bin/../lib/gcc/x86_64-redhat-linux/11]
    arg [-L/usr/bin/../lib/gcc/x86_64-redhat-linux/11/../../../../lib64] ==> dir [/usr/bin/../lib/gcc/x86_64-redhat-linux/11/../../../../lib64]
    arg [-L/lib/../lib64] ==> dir [/lib/../lib64]
    arg [-L/usr/lib/../lib64] ==> dir [/usr/lib/../lib64]
    arg [-L/usr/bin/../lib] ==> dir [/usr/bin/../lib]
    arg [-L/lib] ==> dir [/lib]
    arg [-L/usr/lib] ==> dir [/usr/lib]
    arg [CMakeFiles/cmTC_991c7.dir/CMakeCXXCompilerABI.cpp.o] ==> ignore
    arg [-lstdc++] ==> lib [stdc++]
    arg [-lm] ==> lib [m]
    arg [-lgcc_s] ==> lib [gcc_s]
    arg [-lgcc] ==> lib [gcc]
    arg [-lc] ==> lib [c]
    arg [-lgcc_s] ==> lib [gcc_s]
    arg [-lgcc] ==> lib [gcc]
    arg [/usr/bin/../lib/gcc/x86_64-redhat-linux/11/crtend.o] ==> obj [/usr/bin/../lib/gcc/x86_64-redhat-linux/11/crtend.o]
    arg [/usr/bin/../lib/gcc/x86_64-redhat-linux/11/../../../../lib64/crtn.o] ==> obj [/usr/bin/../lib/gcc/x86_64-redhat-linux/11/../../../../lib64/crtn.o]
  collapse obj [/usr/bin/../lib/gcc/x86_64-redhat-linux/11/../../../../lib64/crt1.o] ==> [/usr/lib64/crt1.o]
  collapse obj [/usr/bin/../lib/gcc/x86_64-redhat-linux/11/../../../../lib64/crti.o] ==> [/usr/lib64/crti.o]
  collapse obj [/usr/bin/../lib/gcc/x86_64-redhat-linux/11/crtbegin.o] ==> [/usr/lib/gcc/x86_64-redhat-linux/11/crtbegin.o]
  collapse obj [/usr/bin/../lib/gcc/x86_64-redhat-linux/11/crtend.o] ==> [/usr/lib/gcc/x86_64-redhat-linux/11/crtend.o]
  collapse obj [/usr/bin/../lib/gcc/x86_64-redhat-linux/11/../../../../lib64/crtn.o] ==> [/usr/lib64/crtn.o]
  collapse library dir [/usr/bin/../lib/gcc/x86_64-redhat-linux/11] ==> [/usr/lib/gcc/x86_64-redhat-linux/11]
  collapse library dir [/usr/bin/../lib/gcc/x86_64-redhat-linux/11/../../../../lib64] ==> [/usr/lib64]
  collapse library dir [/lib/../lib64] ==> [/lib64]
  collapse library dir [/usr/lib/../lib64] ==> [/usr/lib64]
  collapse library dir [/usr/bin/../lib] ==> [/usr/lib]
  collapse library dir [/lib] ==> [/lib]
  collapse library dir [/usr/lib] ==> [/usr/lib]
  implicit libs: [stdc++;m;gcc_s;gcc;c;gcc_s;gcc]
  implicit objs: [/usr/lib64/crt1.o;/usr/lib64/crti.o;/usr/lib/gcc/x86_64-redhat-linux/11/crtbegin.o;/usr/lib/gcc/x86_64-redhat-linux/11/crtend.o;/usr/lib64/crtn.o]
  implicit dirs: [/usr/lib/gcc/x86_64-redhat-linux/11;/usr/lib64;/lib64;/usr/lib;/lib]
  implicit fwks: []


